<?xml version="1.0" encoding="UTF-8"?>
<!-- Generated by org.testng.reporters.JUnitXMLReporter -->
<testsuite ignored="0" hostname="DESKTOP-LSMDMH5" failures="3" tests="6" name="Banking App Test chrome" time="66.591" errors="0" timestamp="2020-09-16T21:31:11 CDT">
  <testcase classname="com.framework.testCases.TC_Login_001" name="loginTest" time="8.26">
    <failure type="java.lang.AssertionError" message="expected [true] but found [false]">
      <![CDATA[java.lang.AssertionError: expected [true] but found [false]
at com.framework.testCases.TC_Login_001.loginTest(TC_Login_001.java:34)
at java.base/java.util.ArrayList.forEach(ArrayList.java:1511)
... Removed 31 stack frames]]>
    </failure>
  </testcase> <!-- loginTest -->
  <testcase classname="com.framework.testCases.TC_Login_DDT_002" name="loginDDT" time="9.511"/>
  <testcase classname="com.framework.testCases.TC_Login_DDT_002" name="loginDDT" time="4.969">
    <failure type="java.lang.AssertionError" message="expected [true] but found [false]">
      <![CDATA[java.lang.AssertionError: expected [true] but found [false]
at com.framework.testCases.TC_Login_DDT_002.loginDDT(TC_Login_DDT_002.java:37)
at java.base/java.util.ArrayList.forEach(ArrayList.java:1511)
... Removed 31 stack frames]]>
    </failure>
  </testcase> <!-- loginDDT -->
  <testcase classname="com.framework.testCases.TC_Login_DDT_002" name="loginDDT" time="4.744">
    <failure type="java.lang.AssertionError" message="expected [true] but found [false]">
      <![CDATA[java.lang.AssertionError: expected [true] but found [false]
at com.framework.testCases.TC_Login_DDT_002.loginDDT(TC_Login_DDT_002.java:37)
at java.base/java.util.ArrayList.forEach(ArrayList.java:1511)
... Removed 31 stack frames]]>
    </failure>
  </testcase> <!-- loginDDT -->
  <testcase classname="com.framework.testCases.TC_Login_DDT_002" name="loginDDT" time="8.775"/>
  <testcase classname="com.framework.testCases.TC_Add_Customer_003" name="addNewCustomer" time="7.176"/>
</testsuite> <!-- Banking App Test chrome -->
