<?xml version="1.0" encoding="UTF-8"?>
<!-- Generated by org.testng.reporters.JUnitXMLReporter -->
<testsuite ignored="0" hostname="DESKTOP-LSMDMH5" failures="1" tests="1" name="Banking App Test edge" time="12.464" errors="0" timestamp="2020-09-16T00:14:26 CDT">
  <testcase classname="com.framework.testCases.TC_Login_001" name="loginTest" time="7.576">
    <failure type="java.lang.AssertionError" message="expected [true] but found [false]">
      <![CDATA[java.lang.AssertionError: expected [true] but found [false]
at com.framework.testCases.TC_Login_001.loginTest(TC_Login_001.java:34)
at java.base/java.util.ArrayList.forEach(ArrayList.java:1511)
... Removed 31 stack frames]]>
    </failure>
  </testcase> <!-- loginTest -->
</testsuite> <!-- Banking App Test edge -->
